[0.013s] Invoking command in '/home/william/Área de Trabalho/gazebo_studies/build/gazebo_pkg': CMAKE_PREFIX_PATH=/opt/ros/foxy /usr/local/bin/cmake --build /home/william/Área de Trabalho/gazebo_studies/build/gazebo_pkg -- -j6 -l6
[0.026s] [35m[1mConsolidate compiler generated dependencies of target turtle_move[0m
[0.035s] [ 50%] [32mBuilding CXX object CMakeFiles/turtle_move.dir/src/turtle_move.cpp.o[0m
[2.615s] [100%] [32m[1mLinking CXX executable turtle_move[0m
[2.766s] [100%] Built target turtle_move
[2.769s] Invoked command in '/home/william/Área de Trabalho/gazebo_studies/build/gazebo_pkg' returned '0': CMAKE_PREFIX_PATH=/opt/ros/foxy /usr/local/bin/cmake --build /home/william/Área de Trabalho/gazebo_studies/build/gazebo_pkg -- -j6 -l6
[2.787s] Invoking command in '/home/william/Área de Trabalho/gazebo_studies/build/gazebo_pkg': CMAKE_PREFIX_PATH=/opt/ros/foxy /usr/local/bin/cmake --install /home/william/Área de Trabalho/gazebo_studies/build/gazebo_pkg
[2.789s] -- Install configuration: ""
[2.789s] -- Installing: /home/william/Área de Trabalho/gazebo_studies/install/gazebo_pkg/lib/gazebo_pkg/turtle_move
[2.789s] -- Set runtime path of "/home/william/Área de Trabalho/gazebo_studies/install/gazebo_pkg/lib/gazebo_pkg/turtle_move" to ""
[2.790s] -- Up-to-date: /home/william/Área de Trabalho/gazebo_studies/install/gazebo_pkg/share/ament_index/resource_index/package_run_dependencies/gazebo_pkg
[2.790s] -- Up-to-date: /home/william/Área de Trabalho/gazebo_studies/install/gazebo_pkg/share/ament_index/resource_index/parent_prefix_path/gazebo_pkg
[2.790s] -- Up-to-date: /home/william/Área de Trabalho/gazebo_studies/install/gazebo_pkg/share/gazebo_pkg/environment/ament_prefix_path.sh
[2.790s] -- Up-to-date: /home/william/Área de Trabalho/gazebo_studies/install/gazebo_pkg/share/gazebo_pkg/environment/ament_prefix_path.dsv
[2.790s] -- Up-to-date: /home/william/Área de Trabalho/gazebo_studies/install/gazebo_pkg/share/gazebo_pkg/environment/path.sh
[2.790s] -- Up-to-date: /home/william/Área de Trabalho/gazebo_studies/install/gazebo_pkg/share/gazebo_pkg/environment/path.dsv
[2.790s] -- Up-to-date: /home/william/Área de Trabalho/gazebo_studies/install/gazebo_pkg/share/gazebo_pkg/local_setup.bash
[2.790s] -- Up-to-date: /home/william/Área de Trabalho/gazebo_studies/install/gazebo_pkg/share/gazebo_pkg/local_setup.sh
[2.790s] -- Up-to-date: /home/william/Área de Trabalho/gazebo_studies/install/gazebo_pkg/share/gazebo_pkg/local_setup.zsh
[2.790s] -- Up-to-date: /home/william/Área de Trabalho/gazebo_studies/install/gazebo_pkg/share/gazebo_pkg/local_setup.dsv
[2.791s] -- Installing: /home/william/Área de Trabalho/gazebo_studies/install/gazebo_pkg/share/gazebo_pkg/package.dsv
[2.791s] -- Up-to-date: /home/william/Área de Trabalho/gazebo_studies/install/gazebo_pkg/share/ament_index/resource_index/packages/gazebo_pkg
[2.792s] -- Up-to-date: /home/william/Área de Trabalho/gazebo_studies/install/gazebo_pkg/share/gazebo_pkg/cmake/gazebo_pkgConfig.cmake
[2.792s] -- Up-to-date: /home/william/Área de Trabalho/gazebo_studies/install/gazebo_pkg/share/gazebo_pkg/cmake/gazebo_pkgConfig-version.cmake
[2.792s] -- Up-to-date: /home/william/Área de Trabalho/gazebo_studies/install/gazebo_pkg/share/gazebo_pkg/package.xml
[2.793s] Invoked command in '/home/william/Área de Trabalho/gazebo_studies/build/gazebo_pkg' returned '0': CMAKE_PREFIX_PATH=/opt/ros/foxy /usr/local/bin/cmake --install /home/william/Área de Trabalho/gazebo_studies/build/gazebo_pkg
