[0.124s] DEBUG:colcon:Command line arguments: ['/usr/bin/colcon', 'build']
[0.124s] DEBUG:colcon:Parsed command line arguments: Namespace(allow_overriding=[], ament_cmake_args=None, base_paths=['.'], build_base='build', catkin_cmake_args=None, catkin_skip_building_tests=False, cmake_args=None, cmake_clean_cache=False, cmake_clean_first=False, cmake_force_configure=False, cmake_target=None, cmake_target_skip_unavailable=False, continue_on_error=False, event_handlers=None, executor='parallel', ignore_user_meta=False, install_base='install', log_base=None, log_level=None, main=<bound method BuildVerb.main of <colcon_core.verb.build.BuildVerb object at 0x7fc9b9ad0310>>, merge_install=False, metas=['./colcon.meta'], packages_above=None, packages_above_and_dependencies=None, packages_above_depth=None, packages_end=None, packages_ignore=None, packages_ignore_regex=None, packages_select=None, packages_select_build_failed=False, packages_select_by_dep=None, packages_select_regex=None, packages_select_test_failures=False, packages_skip=None, packages_skip_build_finished=False, packages_skip_by_dep=None, packages_skip_regex=None, packages_skip_test_passed=False, packages_skip_up_to=None, packages_start=None, packages_up_to=None, packages_up_to_regex=None, parallel_workers=6, paths=None, symlink_install=False, test_result_base=None, verb_extension=<colcon_core.verb.build.BuildVerb object at 0x7fc9b9ad0310>, verb_name='build', verb_parser=<colcon_defaults.argument_parser.defaults.DefaultArgumentsDecorator object at 0x7fc9b9ad0850>)
[0.129s] Level 1:colcon.colcon_core.package_discovery:discover_packages(colcon_meta) check parameters
[0.129s] Level 1:colcon.colcon_core.package_discovery:discover_packages(recursive) check parameters
[0.129s] Level 1:colcon.colcon_core.package_discovery:discover_packages(ignore) check parameters
[0.129s] Level 1:colcon.colcon_core.package_discovery:discover_packages(path) check parameters
[0.129s] Level 1:colcon.colcon_core.package_discovery:discover_packages(colcon_meta) discover
[0.129s] Level 1:colcon.colcon_core.package_discovery:discover_packages(recursive) discover
[0.129s] INFO:colcon.colcon_core.package_discovery:Crawling recursively for packages in '/home/william/Área de Trabalho/gazebo_studies'
[0.129s] Level 1:colcon.colcon_core.package_identification:_identify(.) by extensions ['ignore', 'ignore_ament_install']
[0.129s] Level 1:colcon.colcon_core.package_identification:_identify(.) by extension 'ignore'
[0.129s] Level 1:colcon.colcon_core.package_identification:_identify(.) by extension 'ignore_ament_install'
[0.129s] Level 1:colcon.colcon_core.package_identification:_identify(.) by extensions ['colcon_pkg']
[0.129s] Level 1:colcon.colcon_core.package_identification:_identify(.) by extension 'colcon_pkg'
[0.129s] Level 1:colcon.colcon_core.package_identification:_identify(.) by extensions ['colcon_meta']
[0.129s] Level 1:colcon.colcon_core.package_identification:_identify(.) by extension 'colcon_meta'
[0.130s] Level 1:colcon.colcon_core.package_identification:_identify(.) by extensions ['ros']
[0.130s] Level 1:colcon.colcon_core.package_identification:_identify(.) by extension 'ros'
[0.139s] Level 1:colcon.colcon_core.package_identification:_identify(.) by extensions ['cmake', 'python']
[0.139s] Level 1:colcon.colcon_core.package_identification:_identify(.) by extension 'cmake'
[0.139s] Level 1:colcon.colcon_core.package_identification:_identify(.) by extension 'python'
[0.139s] Level 1:colcon.colcon_core.package_identification:_identify(.) by extensions ['python_setup_py']
[0.139s] Level 1:colcon.colcon_core.package_identification:_identify(.) by extension 'python_setup_py'
[0.139s] Level 1:colcon.colcon_core.package_identification:_identify(build) by extensions ['ignore', 'ignore_ament_install']
[0.139s] Level 1:colcon.colcon_core.package_identification:_identify(build) by extension 'ignore'
[0.139s] Level 1:colcon.colcon_core.package_identification:_identify(build) ignored
[0.139s] Level 1:colcon.colcon_core.package_identification:_identify(install) by extensions ['ignore', 'ignore_ament_install']
[0.139s] Level 1:colcon.colcon_core.package_identification:_identify(install) by extension 'ignore'
[0.139s] Level 1:colcon.colcon_core.package_identification:_identify(install) ignored
[0.139s] Level 1:colcon.colcon_core.package_identification:_identify(log) by extensions ['ignore', 'ignore_ament_install']
[0.139s] Level 1:colcon.colcon_core.package_identification:_identify(log) by extension 'ignore'
[0.139s] Level 1:colcon.colcon_core.package_identification:_identify(log) ignored
[0.139s] Level 1:colcon.colcon_core.package_identification:_identify(src) by extensions ['ignore', 'ignore_ament_install']
[0.140s] Level 1:colcon.colcon_core.package_identification:_identify(src) by extension 'ignore'
[0.140s] Level 1:colcon.colcon_core.package_identification:_identify(src) by extension 'ignore_ament_install'
[0.140s] Level 1:colcon.colcon_core.package_identification:_identify(src) by extensions ['colcon_pkg']
[0.140s] Level 1:colcon.colcon_core.package_identification:_identify(src) by extension 'colcon_pkg'
[0.140s] Level 1:colcon.colcon_core.package_identification:_identify(src) by extensions ['colcon_meta']
[0.140s] Level 1:colcon.colcon_core.package_identification:_identify(src) by extension 'colcon_meta'
[0.140s] Level 1:colcon.colcon_core.package_identification:_identify(src) by extensions ['ros']
[0.140s] Level 1:colcon.colcon_core.package_identification:_identify(src) by extension 'ros'
[0.140s] Level 1:colcon.colcon_core.package_identification:_identify(src) by extensions ['cmake', 'python']
[0.140s] Level 1:colcon.colcon_core.package_identification:_identify(src) by extension 'cmake'
[0.140s] Level 1:colcon.colcon_core.package_identification:_identify(src) by extension 'python'
[0.140s] Level 1:colcon.colcon_core.package_identification:_identify(src) by extensions ['python_setup_py']
[0.140s] Level 1:colcon.colcon_core.package_identification:_identify(src) by extension 'python_setup_py'
[0.140s] Level 1:colcon.colcon_core.package_identification:_identify(src/gazebo_pkg) by extensions ['ignore', 'ignore_ament_install']
[0.140s] Level 1:colcon.colcon_core.package_identification:_identify(src/gazebo_pkg) by extension 'ignore'
[0.140s] Level 1:colcon.colcon_core.package_identification:_identify(src/gazebo_pkg) by extension 'ignore_ament_install'
[0.140s] Level 1:colcon.colcon_core.package_identification:_identify(src/gazebo_pkg) by extensions ['colcon_pkg']
[0.140s] Level 1:colcon.colcon_core.package_identification:_identify(src/gazebo_pkg) by extension 'colcon_pkg'
[0.140s] Level 1:colcon.colcon_core.package_identification:_identify(src/gazebo_pkg) by extensions ['colcon_meta']
[0.140s] Level 1:colcon.colcon_core.package_identification:_identify(src/gazebo_pkg) by extension 'colcon_meta'
[0.140s] Level 1:colcon.colcon_core.package_identification:_identify(src/gazebo_pkg) by extensions ['ros']
[0.140s] Level 1:colcon.colcon_core.package_identification:_identify(src/gazebo_pkg) by extension 'ros'
[0.143s] DEBUG:colcon.colcon_core.package_identification:Package 'src/gazebo_pkg' with type 'ros.ament_cmake' and name 'gazebo_pkg'
[0.143s] Level 1:colcon.colcon_core.package_discovery:discover_packages(recursive) using defaults
[0.143s] Level 1:colcon.colcon_core.package_discovery:discover_packages(ignore) discover
[0.143s] Level 1:colcon.colcon_core.package_discovery:discover_packages(ignore) using defaults
[0.143s] Level 1:colcon.colcon_core.package_discovery:discover_packages(path) discover
[0.143s] Level 1:colcon.colcon_core.package_discovery:discover_packages(path) using defaults
[0.158s] Level 5:colcon.colcon_core.verb:set package 'gazebo_pkg' build argument 'cmake_args' from command line to 'None'
[0.158s] Level 5:colcon.colcon_core.verb:set package 'gazebo_pkg' build argument 'cmake_target' from command line to 'None'
[0.158s] Level 5:colcon.colcon_core.verb:set package 'gazebo_pkg' build argument 'cmake_target_skip_unavailable' from command line to 'False'
[0.158s] Level 5:colcon.colcon_core.verb:set package 'gazebo_pkg' build argument 'cmake_clean_cache' from command line to 'False'
[0.158s] Level 5:colcon.colcon_core.verb:set package 'gazebo_pkg' build argument 'cmake_clean_first' from command line to 'False'
[0.158s] Level 5:colcon.colcon_core.verb:set package 'gazebo_pkg' build argument 'cmake_force_configure' from command line to 'False'
[0.158s] Level 5:colcon.colcon_core.verb:set package 'gazebo_pkg' build argument 'ament_cmake_args' from command line to 'None'
[0.158s] Level 5:colcon.colcon_core.verb:set package 'gazebo_pkg' build argument 'catkin_cmake_args' from command line to 'None'
[0.158s] Level 5:colcon.colcon_core.verb:set package 'gazebo_pkg' build argument 'catkin_skip_building_tests' from command line to 'False'
[0.159s] DEBUG:colcon.colcon_core.verb:Building package 'gazebo_pkg' with the following arguments: {'ament_cmake_args': None, 'build_base': '/home/william/Área de Trabalho/gazebo_studies/build/gazebo_pkg', 'catkin_cmake_args': None, 'catkin_skip_building_tests': False, 'cmake_args': None, 'cmake_clean_cache': False, 'cmake_clean_first': False, 'cmake_force_configure': False, 'cmake_target': None, 'cmake_target_skip_unavailable': False, 'install_base': '/home/william/Área de Trabalho/gazebo_studies/install/gazebo_pkg', 'merge_install': False, 'path': '/home/william/Área de Trabalho/gazebo_studies/src/gazebo_pkg', 'symlink_install': False, 'test_result_base': None}
[0.161s] INFO:colcon.colcon_core.executor:Executing jobs using 'parallel' executor
[0.163s] DEBUG:colcon.colcon_parallel_executor.executor.parallel:run_until_complete
[0.163s] INFO:colcon.colcon_ros.task.ament_cmake.build:Building ROS package in '/home/william/Área de Trabalho/gazebo_studies/src/gazebo_pkg' with build type 'ament_cmake'
[0.163s] INFO:colcon.colcon_cmake.task.cmake.build:Building CMake package in '/home/william/Área de Trabalho/gazebo_studies/src/gazebo_pkg'
[0.166s] INFO:colcon.colcon_core.plugin_system:Skipping extension 'colcon_core.shell.bat': Not used on non-Windows systems
[0.166s] INFO:colcon.colcon_core.shell:Skip shell extension 'powershell' for command environment: Not usable outside of PowerShell
[0.166s] DEBUG:colcon.colcon_core.shell:Skip shell extension 'dsv' for command environment
[0.177s] DEBUG:colcon.colcon_core.event_handler.log_command:Invoking command in '/home/william/Área de Trabalho/gazebo_studies/build/gazebo_pkg': CMAKE_PREFIX_PATH=/opt/ros/foxy /usr/local/bin/cmake --build /home/william/Área de Trabalho/gazebo_studies/build/gazebo_pkg -- -j6 -l6
[2.933s] DEBUG:colcon.colcon_core.event_handler.log_command:Invoked command in '/home/william/Área de Trabalho/gazebo_studies/build/gazebo_pkg' returned '0': CMAKE_PREFIX_PATH=/opt/ros/foxy /usr/local/bin/cmake --build /home/william/Área de Trabalho/gazebo_studies/build/gazebo_pkg -- -j6 -l6
[2.951s] DEBUG:colcon.colcon_core.event_handler.log_command:Invoking command in '/home/william/Área de Trabalho/gazebo_studies/build/gazebo_pkg': CMAKE_PREFIX_PATH=/opt/ros/foxy /usr/local/bin/cmake --install /home/william/Área de Trabalho/gazebo_studies/build/gazebo_pkg
[2.955s] Level 1:colcon.colcon_core.environment:create_environment_scripts_only(gazebo_pkg)
[2.956s] DEBUG:colcon.colcon_core.event_handler.log_command:Invoked command in '/home/william/Área de Trabalho/gazebo_studies/build/gazebo_pkg' returned '0': CMAKE_PREFIX_PATH=/opt/ros/foxy /usr/local/bin/cmake --install /home/william/Área de Trabalho/gazebo_studies/build/gazebo_pkg
[2.959s] Level 1:colcon.colcon_core.environment:checking '/home/william/Área de Trabalho/gazebo_studies/install/gazebo_pkg' for CMake module files
[2.959s] Level 1:colcon.colcon_core.environment:checking '/home/william/Área de Trabalho/gazebo_studies/install/gazebo_pkg' for CMake config files
[2.959s] Level 1:colcon.colcon_core.shell:create_environment_hook('gazebo_pkg', 'cmake_prefix_path')
[2.960s] INFO:colcon.colcon_core.shell:Creating environment hook '/home/william/Área de Trabalho/gazebo_studies/install/gazebo_pkg/share/gazebo_pkg/hook/cmake_prefix_path.ps1'
[2.960s] INFO:colcon.colcon_core.shell:Creating environment descriptor '/home/william/Área de Trabalho/gazebo_studies/install/gazebo_pkg/share/gazebo_pkg/hook/cmake_prefix_path.dsv'
[2.961s] INFO:colcon.colcon_core.shell:Creating environment hook '/home/william/Área de Trabalho/gazebo_studies/install/gazebo_pkg/share/gazebo_pkg/hook/cmake_prefix_path.sh'
[2.962s] Level 1:colcon.colcon_core.environment:checking '/home/william/Área de Trabalho/gazebo_studies/install/gazebo_pkg/lib'
[2.962s] Level 1:colcon.colcon_core.environment:checking '/home/william/Área de Trabalho/gazebo_studies/install/gazebo_pkg/bin'
[2.962s] Level 1:colcon.colcon_core.environment:checking '/home/william/Área de Trabalho/gazebo_studies/install/gazebo_pkg/lib/pkgconfig/gazebo_pkg.pc'
[2.962s] Level 1:colcon.colcon_core.environment:checking '/home/william/Área de Trabalho/gazebo_studies/install/gazebo_pkg/lib/python3.8/site-packages'
[2.963s] INFO:colcon.colcon_core.shell:Creating package script '/home/william/Área de Trabalho/gazebo_studies/install/gazebo_pkg/share/gazebo_pkg/package.ps1'
[2.963s] INFO:colcon.colcon_core.shell:Creating package descriptor '/home/william/Área de Trabalho/gazebo_studies/install/gazebo_pkg/share/gazebo_pkg/package.dsv'
[2.964s] INFO:colcon.colcon_core.shell:Creating package script '/home/william/Área de Trabalho/gazebo_studies/install/gazebo_pkg/share/gazebo_pkg/package.sh'
[2.964s] INFO:colcon.colcon_core.shell:Creating package script '/home/william/Área de Trabalho/gazebo_studies/install/gazebo_pkg/share/gazebo_pkg/package.bash'
[2.965s] INFO:colcon.colcon_core.shell:Creating package script '/home/william/Área de Trabalho/gazebo_studies/install/gazebo_pkg/share/gazebo_pkg/package.zsh'
[2.965s] Level 1:colcon.colcon_core.environment:create_file_with_runtime_dependencies(/home/william/Área de Trabalho/gazebo_studies/install/gazebo_pkg/share/colcon-core/packages/gazebo_pkg)
[2.979s] Level 1:colcon.colcon_core.environment:create_environment_scripts_only(gazebo_pkg)
[2.980s] Level 1:colcon.colcon_core.environment:checking '/home/william/Área de Trabalho/gazebo_studies/install/gazebo_pkg' for CMake module files
[2.980s] Level 1:colcon.colcon_core.environment:checking '/home/william/Área de Trabalho/gazebo_studies/install/gazebo_pkg' for CMake config files
[2.980s] Level 1:colcon.colcon_core.shell:create_environment_hook('gazebo_pkg', 'cmake_prefix_path')
[2.981s] INFO:colcon.colcon_core.shell:Creating environment hook '/home/william/Área de Trabalho/gazebo_studies/install/gazebo_pkg/share/gazebo_pkg/hook/cmake_prefix_path.ps1'
[2.982s] INFO:colcon.colcon_core.shell:Creating environment descriptor '/home/william/Área de Trabalho/gazebo_studies/install/gazebo_pkg/share/gazebo_pkg/hook/cmake_prefix_path.dsv'
[2.982s] INFO:colcon.colcon_core.shell:Creating environment hook '/home/william/Área de Trabalho/gazebo_studies/install/gazebo_pkg/share/gazebo_pkg/hook/cmake_prefix_path.sh'
[2.982s] Level 1:colcon.colcon_core.environment:checking '/home/william/Área de Trabalho/gazebo_studies/install/gazebo_pkg/lib'
[2.982s] Level 1:colcon.colcon_core.environment:checking '/home/william/Área de Trabalho/gazebo_studies/install/gazebo_pkg/bin'
[2.983s] Level 1:colcon.colcon_core.environment:checking '/home/william/Área de Trabalho/gazebo_studies/install/gazebo_pkg/lib/pkgconfig/gazebo_pkg.pc'
[2.983s] Level 1:colcon.colcon_core.environment:checking '/home/william/Área de Trabalho/gazebo_studies/install/gazebo_pkg/lib/python3.8/site-packages'
[2.983s] INFO:colcon.colcon_core.shell:Creating package script '/home/william/Área de Trabalho/gazebo_studies/install/gazebo_pkg/share/gazebo_pkg/package.ps1'
[2.984s] INFO:colcon.colcon_core.shell:Creating package descriptor '/home/william/Área de Trabalho/gazebo_studies/install/gazebo_pkg/share/gazebo_pkg/package.dsv'
[2.984s] INFO:colcon.colcon_core.shell:Creating package script '/home/william/Área de Trabalho/gazebo_studies/install/gazebo_pkg/share/gazebo_pkg/package.sh'
[2.984s] INFO:colcon.colcon_core.shell:Creating package script '/home/william/Área de Trabalho/gazebo_studies/install/gazebo_pkg/share/gazebo_pkg/package.bash'
[2.985s] INFO:colcon.colcon_core.shell:Creating package script '/home/william/Área de Trabalho/gazebo_studies/install/gazebo_pkg/share/gazebo_pkg/package.zsh'
[2.985s] Level 1:colcon.colcon_core.environment:create_file_with_runtime_dependencies(/home/william/Área de Trabalho/gazebo_studies/install/gazebo_pkg/share/colcon-core/packages/gazebo_pkg)
[2.985s] DEBUG:colcon.colcon_parallel_executor.executor.parallel:closing loop
[2.985s] DEBUG:colcon.colcon_parallel_executor.executor.parallel:loop closed
[2.985s] DEBUG:colcon.colcon_parallel_executor.executor.parallel:run_until_complete finished with '0'
[2.986s] DEBUG:colcon.colcon_core.event_reactor:joining thread
[2.993s] INFO:colcon.colcon_core.plugin_system:Skipping extension 'colcon_notification.desktop_notification.terminal_notifier': Not used on non-Darwin systems
[2.993s] INFO:colcon.colcon_core.plugin_system:Skipping extension 'colcon_notification.desktop_notification.win32': Not used on non-Windows systems
[2.994s] INFO:colcon.colcon_notification.desktop_notification:Sending desktop notification using 'notify2'
[3.007s] DEBUG:colcon.colcon_core.event_reactor:joined thread
[3.007s] INFO:colcon.colcon_core.shell:Creating prefix script '/home/william/Área de Trabalho/gazebo_studies/install/local_setup.ps1'
[3.008s] INFO:colcon.colcon_core.shell:Creating prefix util module '/home/william/Área de Trabalho/gazebo_studies/install/_local_setup_util_ps1.py'
[3.009s] INFO:colcon.colcon_core.shell:Creating prefix chain script '/home/william/Área de Trabalho/gazebo_studies/install/setup.ps1'
[3.010s] INFO:colcon.colcon_core.shell:Creating prefix script '/home/william/Área de Trabalho/gazebo_studies/install/local_setup.sh'
[3.011s] INFO:colcon.colcon_core.shell:Creating prefix util module '/home/william/Área de Trabalho/gazebo_studies/install/_local_setup_util_sh.py'
[3.011s] INFO:colcon.colcon_core.shell:Creating prefix chain script '/home/william/Área de Trabalho/gazebo_studies/install/setup.sh'
[3.012s] INFO:colcon.colcon_core.shell:Creating prefix script '/home/william/Área de Trabalho/gazebo_studies/install/local_setup.bash'
[3.012s] INFO:colcon.colcon_core.shell:Creating prefix chain script '/home/william/Área de Trabalho/gazebo_studies/install/setup.bash'
[3.013s] INFO:colcon.colcon_core.shell:Creating prefix script '/home/william/Área de Trabalho/gazebo_studies/install/local_setup.zsh'
[3.014s] INFO:colcon.colcon_core.shell:Creating prefix chain script '/home/william/Área de Trabalho/gazebo_studies/install/setup.zsh'
