-- The C compiler identification is GNU 9.4.0
-- The CXX compiler identification is GNU 9.4.0
-- Detecting C compiler ABI info
-- Detecting C compiler ABI info - done
-- Check for working C compiler: /usr/bin/cc - skipped
-- Detecting C compile features
-- Detecting C compile features - done
-- Detecting CXX compiler ABI info
-- Detecting CXX compiler ABI info - done
-- Check for working CXX compiler: /usr/bin/c++ - skipped
-- Detecting CXX compile features
-- Detecting CXX compile features - done
-- Found ament_cmake: 0.9.9 (/opt/ros/foxy/share/ament_cmake/cmake)
-- Found PythonInterp: /usr/bin/python3 (found suitable version "3.8.10", minimum required is "3") 
-- Using PYTHON_EXECUTABLE: /usr/bin/python3
-- Found ament_lint_auto: 0.9.6 (/opt/ros/foxy/share/ament_lint_auto/cmake)
-- Added test 'copyright' to check source files copyright and LICENSE
-- Added test 'lint_cmake' to check CMake code style
-- Added test 'xmllint' to check XML markup files
-- Configuring done
-- Generating done
-- Build files have been written to: /home/william/Área de Trabalho/gazebo_studies/build/gazebo_pkg
-- Install configuration: ""
-- Installing: /home/william/Área de Trabalho/gazebo_studies/install/gazebo_pkg/share/ament_index/resource_index/package_run_dependencies/gazebo_pkg
-- Installing: /home/william/Área de Trabalho/gazebo_studies/install/gazebo_pkg/share/ament_index/resource_index/parent_prefix_path/gazebo_pkg
-- Installing: /home/william/Área de Trabalho/gazebo_studies/install/gazebo_pkg/share/gazebo_pkg/environment/ament_prefix_path.sh
-- Installing: /home/william/Área de Trabalho/gazebo_studies/install/gazebo_pkg/share/gazebo_pkg/environment/ament_prefix_path.dsv
-- Installing: /home/william/Área de Trabalho/gazebo_studies/install/gazebo_pkg/share/gazebo_pkg/environment/path.sh
-- Installing: /home/william/Área de Trabalho/gazebo_studies/install/gazebo_pkg/share/gazebo_pkg/environment/path.dsv
-- Installing: /home/william/Área de Trabalho/gazebo_studies/install/gazebo_pkg/share/gazebo_pkg/local_setup.bash
-- Installing: /home/william/Área de Trabalho/gazebo_studies/install/gazebo_pkg/share/gazebo_pkg/local_setup.sh
-- Installing: /home/william/Área de Trabalho/gazebo_studies/install/gazebo_pkg/share/gazebo_pkg/local_setup.zsh
-- Installing: /home/william/Área de Trabalho/gazebo_studies/install/gazebo_pkg/share/gazebo_pkg/local_setup.dsv
-- Installing: /home/william/Área de Trabalho/gazebo_studies/install/gazebo_pkg/share/gazebo_pkg/package.dsv
-- Installing: /home/william/Área de Trabalho/gazebo_studies/install/gazebo_pkg/share/ament_index/resource_index/packages/gazebo_pkg
-- Installing: /home/william/Área de Trabalho/gazebo_studies/install/gazebo_pkg/share/gazebo_pkg/cmake/gazebo_pkgConfig.cmake
-- Installing: /home/william/Área de Trabalho/gazebo_studies/install/gazebo_pkg/share/gazebo_pkg/cmake/gazebo_pkgConfig-version.cmake
-- Installing: /home/william/Área de Trabalho/gazebo_studies/install/gazebo_pkg/share/gazebo_pkg/package.xml
