[0.013s] Invoking command in '/home/william/Área de Trabalho/gazebo_studies/build/gazebo_pkg': CMAKE_PREFIX_PATH=/opt/ros/foxy /usr/local/bin/cmake /home/william/Área de Trabalho/gazebo_studies/src/gazebo_pkg -DCMAKE_INSTALL_PREFIX=/home/william/Área de Trabalho/gazebo_studies/install/gazebo_pkg
[0.209s] -- The C compiler identification is GNU 9.4.0
[0.345s] -- The CXX compiler identification is GNU 9.4.0
[0.355s] -- Detecting C compiler ABI info
[0.402s] -- Detecting C compiler ABI info - done
[0.410s] -- Check for working C compiler: /usr/bin/cc - skipped
[0.411s] -- Detecting C compile features
[0.411s] -- Detecting C compile features - done
[0.414s] -- Detecting CXX compiler ABI info
[0.461s] -- Detecting CXX compiler ABI info - done
[0.469s] -- Check for working CXX compiler: /usr/bin/c++ - skipped
[0.469s] -- Detecting CXX compile features
[0.469s] -- Detecting CXX compile features - done
[0.472s] -- Found ament_cmake: 0.9.9 (/opt/ros/foxy/share/ament_cmake/cmake)
[0.504s] -- Found PythonInterp: /usr/bin/python3 (found suitable version "3.8.10", minimum required is "3") 
[0.504s] -- Using PYTHON_EXECUTABLE: /usr/bin/python3
[0.696s] -- Found ament_lint_auto: 0.9.6 (/opt/ros/foxy/share/ament_lint_auto/cmake)
[0.764s] -- Added test 'copyright' to check source files copyright and LICENSE
[0.766s] -- Added test 'lint_cmake' to check CMake code style
[0.767s] -- Added test 'xmllint' to check XML markup files
[0.768s] -- Configuring done
[0.770s] -- Generating done
[0.770s] -- Build files have been written to: /home/william/Área de Trabalho/gazebo_studies/build/gazebo_pkg
[0.773s] Invoked command in '/home/william/Área de Trabalho/gazebo_studies/build/gazebo_pkg' returned '0': CMAKE_PREFIX_PATH=/opt/ros/foxy /usr/local/bin/cmake /home/william/Área de Trabalho/gazebo_studies/src/gazebo_pkg -DCMAKE_INSTALL_PREFIX=/home/william/Área de Trabalho/gazebo_studies/install/gazebo_pkg
[0.775s] Invoking command in '/home/william/Área de Trabalho/gazebo_studies/build/gazebo_pkg': CMAKE_PREFIX_PATH=/opt/ros/foxy /usr/local/bin/cmake --build /home/william/Área de Trabalho/gazebo_studies/build/gazebo_pkg -- -j6 -l6
[0.785s] Invoked command in '/home/william/Área de Trabalho/gazebo_studies/build/gazebo_pkg' returned '0': CMAKE_PREFIX_PATH=/opt/ros/foxy /usr/local/bin/cmake --build /home/william/Área de Trabalho/gazebo_studies/build/gazebo_pkg -- -j6 -l6
[0.800s] Invoking command in '/home/william/Área de Trabalho/gazebo_studies/build/gazebo_pkg': CMAKE_PREFIX_PATH=/opt/ros/foxy /usr/local/bin/cmake --install /home/william/Área de Trabalho/gazebo_studies/build/gazebo_pkg
[0.801s] -- Install configuration: ""
[0.801s] -- Installing: /home/william/Área de Trabalho/gazebo_studies/install/gazebo_pkg/share/ament_index/resource_index/package_run_dependencies/gazebo_pkg
[0.801s] -- Installing: /home/william/Área de Trabalho/gazebo_studies/install/gazebo_pkg/share/ament_index/resource_index/parent_prefix_path/gazebo_pkg
[0.801s] -- Installing: /home/william/Área de Trabalho/gazebo_studies/install/gazebo_pkg/share/gazebo_pkg/environment/ament_prefix_path.sh
[0.801s] -- Installing: /home/william/Área de Trabalho/gazebo_studies/install/gazebo_pkg/share/gazebo_pkg/environment/ament_prefix_path.dsv
[0.802s] -- Installing: /home/william/Área de Trabalho/gazebo_studies/install/gazebo_pkg/share/gazebo_pkg/environment/path.sh
[0.802s] -- Installing: /home/william/Área de Trabalho/gazebo_studies/install/gazebo_pkg/share/gazebo_pkg/environment/path.dsv
[0.802s] -- Installing: /home/william/Área de Trabalho/gazebo_studies/install/gazebo_pkg/share/gazebo_pkg/local_setup.bash
[0.802s] -- Installing: /home/william/Área de Trabalho/gazebo_studies/install/gazebo_pkg/share/gazebo_pkg/local_setup.sh
[0.802s] -- Installing: /home/william/Área de Trabalho/gazebo_studies/install/gazebo_pkg/share/gazebo_pkg/local_setup.zsh
[0.802s] -- Installing: /home/william/Área de Trabalho/gazebo_studies/install/gazebo_pkg/share/gazebo_pkg/local_setup.dsv
[0.802s] -- Installing: /home/william/Área de Trabalho/gazebo_studies/install/gazebo_pkg/share/gazebo_pkg/package.dsv
[0.802s] -- Installing: /home/william/Área de Trabalho/gazebo_studies/install/gazebo_pkg/share/ament_index/resource_index/packages/gazebo_pkg
[0.802s] -- Installing: /home/william/Área de Trabalho/gazebo_studies/install/gazebo_pkg/share/gazebo_pkg/cmake/gazebo_pkgConfig.cmake
[0.802s] -- Installing: /home/william/Área de Trabalho/gazebo_studies/install/gazebo_pkg/share/gazebo_pkg/cmake/gazebo_pkgConfig-version.cmake
[0.802s] -- Installing: /home/william/Área de Trabalho/gazebo_studies/install/gazebo_pkg/share/gazebo_pkg/package.xml
[0.803s] Invoked command in '/home/william/Área de Trabalho/gazebo_studies/build/gazebo_pkg' returned '0': CMAKE_PREFIX_PATH=/opt/ros/foxy /usr/local/bin/cmake --install /home/william/Área de Trabalho/gazebo_studies/build/gazebo_pkg
