-- Found ament_cmake: 0.9.9 (/opt/ros/foxy/share/ament_cmake/cmake)
-- Using PYTHON_EXECUTABLE: /usr/bin/python3
-- Found rclcpp: 2.4.1 (/opt/ros/foxy/share/rclcpp/cmake)
-- Using all available rosidl_typesupport_c: rosidl_typesupport_fastrtps_c;rosidl_typesupport_introspection_c
-- Found rosidl_adapter: 1.2.1 (/opt/ros/foxy/share/rosidl_adapter/cmake)
-- Found OpenSSL: /usr/lib/x86_64-linux-gnu/libcrypto.so (found version "1.1.1f")  
-- Found FastRTPS: /opt/ros/foxy/include  
-- Using all available rosidl_typesupport_cpp: rosidl_typesupport_fastrtps_cpp;rosidl_typesupport_introspection_cpp
-- Found rmw_implementation_cmake: 1.0.3 (/opt/ros/foxy/share/rmw_implementation_cmake/cmake)
-- Using RMW implementation 'rmw_fastrtps_cpp' as default
-- Looking for pthread.h
-- Looking for pthread.h - found
-- Performing Test CMAKE_HAVE_LIBC_PTHREAD
-- Performing Test CMAKE_HAVE_LIBC_PTHREAD - Failed
-- Looking for pthread_create in pthreads
-- Looking for pthread_create in pthreads - not found
-- Looking for pthread_create in pthread
-- Looking for pthread_create in pthread - found
-- Found Threads: TRUE  
-- Found turtlesim: 1.2.5 (/opt/ros/foxy/share/turtlesim/cmake)
-- Found geometry_msgs: 2.0.5 (/opt/ros/foxy/share/geometry_msgs/cmake)
-- Found ament_lint_auto: 0.9.6 (/opt/ros/foxy/share/ament_lint_auto/cmake)
-- Added test 'copyright' to check source files copyright and LICENSE
-- Added test 'cppcheck' to perform static code analysis on C / C++ code
-- Configured cppcheck include dirs: 
-- Configured cppcheck exclude dirs and/or files: 
-- Added test 'cpplint' to check C / C++ code against the Google style
-- Configured cpplint exclude dirs and/or files: 
-- Added test 'lint_cmake' to check CMake code style
-- Added test 'uncrustify' to check C / C++ code style
-- Configured uncrustify additional arguments: 
-- Added test 'xmllint' to check XML markup files
-- Configuring done
-- Generating done
-- Build files have been written to: /home/william/Área de Trabalho/gazebo_studies/build/gazebo_pkg
[ 50%] [32mBuilding CXX object CMakeFiles/turtle_move.dir/src/turtle_move.cpp.o[0m
[100%] [32m[1mLinking CXX executable turtle_move[0m
[100%] Built target turtle_move
-- Install configuration: ""
-- Installing: /home/william/Área de Trabalho/gazebo_studies/install/gazebo_pkg/lib/gazebo_pkg/turtle_move
-- Set runtime path of "/home/william/Área de Trabalho/gazebo_studies/install/gazebo_pkg/lib/gazebo_pkg/turtle_move" to ""
-- Installing: /home/william/Área de Trabalho/gazebo_studies/install/gazebo_pkg/share/ament_index/resource_index/package_run_dependencies/gazebo_pkg
-- Up-to-date: /home/william/Área de Trabalho/gazebo_studies/install/gazebo_pkg/share/ament_index/resource_index/parent_prefix_path/gazebo_pkg
-- Up-to-date: /home/william/Área de Trabalho/gazebo_studies/install/gazebo_pkg/share/gazebo_pkg/environment/ament_prefix_path.sh
-- Installing: /home/william/Área de Trabalho/gazebo_studies/install/gazebo_pkg/share/gazebo_pkg/environment/ament_prefix_path.dsv
-- Up-to-date: /home/william/Área de Trabalho/gazebo_studies/install/gazebo_pkg/share/gazebo_pkg/environment/path.sh
-- Installing: /home/william/Área de Trabalho/gazebo_studies/install/gazebo_pkg/share/gazebo_pkg/environment/path.dsv
-- Up-to-date: /home/william/Área de Trabalho/gazebo_studies/install/gazebo_pkg/share/gazebo_pkg/local_setup.bash
-- Up-to-date: /home/william/Área de Trabalho/gazebo_studies/install/gazebo_pkg/share/gazebo_pkg/local_setup.sh
-- Up-to-date: /home/william/Área de Trabalho/gazebo_studies/install/gazebo_pkg/share/gazebo_pkg/local_setup.zsh
-- Installing: /home/william/Área de Trabalho/gazebo_studies/install/gazebo_pkg/share/gazebo_pkg/local_setup.dsv
-- Installing: /home/william/Área de Trabalho/gazebo_studies/install/gazebo_pkg/share/gazebo_pkg/package.dsv
-- Up-to-date: /home/william/Área de Trabalho/gazebo_studies/install/gazebo_pkg/share/ament_index/resource_index/packages/gazebo_pkg
-- Up-to-date: /home/william/Área de Trabalho/gazebo_studies/install/gazebo_pkg/share/gazebo_pkg/cmake/gazebo_pkgConfig.cmake
-- Up-to-date: /home/william/Área de Trabalho/gazebo_studies/install/gazebo_pkg/share/gazebo_pkg/cmake/gazebo_pkgConfig-version.cmake
-- Installing: /home/william/Área de Trabalho/gazebo_studies/install/gazebo_pkg/share/gazebo_pkg/package.xml
