[0.012s] Invoking command in '/home/william/Área de Trabalho/gazebo_studies/build/gazebo_pkg': CMAKE_PREFIX_PATH=/opt/ros/foxy /usr/local/bin/cmake --build /home/william/Área de Trabalho/gazebo_studies/build/gazebo_pkg -- -j6 -l6
[0.021s] -- Found ament_cmake: 0.9.9 (/opt/ros/foxy/share/ament_cmake/cmake)
[0.039s] -- Using PYTHON_EXECUTABLE: /usr/bin/python3
[0.208s] -- Found rclcpp: 2.4.1 (/opt/ros/foxy/share/rclcpp/cmake)
[0.286s] -- Using all available rosidl_typesupport_c: rosidl_typesupport_fastrtps_c;rosidl_typesupport_introspection_c
[0.298s] -- Found rosidl_adapter: 1.2.1 (/opt/ros/foxy/share/rosidl_adapter/cmake)
[0.381s] -- Found OpenSSL: /usr/lib/x86_64-linux-gnu/libcrypto.so (found version "1.1.1f")  
[0.400s] -- Found FastRTPS: /opt/ros/foxy/include  
[0.475s] -- Using all available rosidl_typesupport_cpp: rosidl_typesupport_fastrtps_cpp;rosidl_typesupport_introspection_cpp
[0.535s] -- Found rmw_implementation_cmake: 1.0.3 (/opt/ros/foxy/share/rmw_implementation_cmake/cmake)
[0.538s] -- Using RMW implementation 'rmw_fastrtps_cpp' as default
[0.538s] -- Looking for pthread.h
[0.579s] -- Looking for pthread.h - found
[0.579s] -- Performing Test CMAKE_HAVE_LIBC_PTHREAD
[0.621s] -- Performing Test CMAKE_HAVE_LIBC_PTHREAD - Failed
[0.621s] -- Looking for pthread_create in pthreads
[0.649s] -- Looking for pthread_create in pthreads - not found
[0.651s] -- Looking for pthread_create in pthread
[0.687s] -- Looking for pthread_create in pthread - found
[0.688s] -- Found Threads: TRUE  
[0.835s] -- Found turtlesim: 1.2.5 (/opt/ros/foxy/share/turtlesim/cmake)
[0.932s] -- Found geometry_msgs: 2.0.5 (/opt/ros/foxy/share/geometry_msgs/cmake)
[0.968s] -- Found ament_lint_auto: 0.9.6 (/opt/ros/foxy/share/ament_lint_auto/cmake)
[1.024s] -- Added test 'copyright' to check source files copyright and LICENSE
[1.025s] -- Added test 'cppcheck' to perform static code analysis on C / C++ code
[1.026s] -- Configured cppcheck include dirs: 
[1.026s] -- Configured cppcheck exclude dirs and/or files: 
[1.027s] -- Added test 'cpplint' to check C / C++ code against the Google style
[1.027s] -- Configured cpplint exclude dirs and/or files: 
[1.028s] -- Added test 'lint_cmake' to check CMake code style
[1.030s] -- Added test 'uncrustify' to check C / C++ code style
[1.030s] -- Configured uncrustify additional arguments: 
[1.031s] -- Added test 'xmllint' to check XML markup files
[1.036s] -- Configuring done
[1.049s] -- Generating done
[1.050s] -- Build files have been written to: /home/william/Área de Trabalho/gazebo_studies/build/gazebo_pkg
[1.062s] [ 50%] [32mBuilding CXX object CMakeFiles/turtle_move.dir/src/turtle_move.cpp.o[0m
[3.587s] [100%] [32m[1mLinking CXX executable turtle_move[0m
[3.757s] [100%] Built target turtle_move
[3.760s] Invoked command in '/home/william/Área de Trabalho/gazebo_studies/build/gazebo_pkg' returned '0': CMAKE_PREFIX_PATH=/opt/ros/foxy /usr/local/bin/cmake --build /home/william/Área de Trabalho/gazebo_studies/build/gazebo_pkg -- -j6 -l6
[3.777s] Invoking command in '/home/william/Área de Trabalho/gazebo_studies/build/gazebo_pkg': CMAKE_PREFIX_PATH=/opt/ros/foxy /usr/local/bin/cmake --install /home/william/Área de Trabalho/gazebo_studies/build/gazebo_pkg
[3.778s] -- Install configuration: ""
[3.778s] -- Installing: /home/william/Área de Trabalho/gazebo_studies/install/gazebo_pkg/lib/gazebo_pkg/turtle_move
[3.778s] -- Set runtime path of "/home/william/Área de Trabalho/gazebo_studies/install/gazebo_pkg/lib/gazebo_pkg/turtle_move" to ""
[3.778s] -- Installing: /home/william/Área de Trabalho/gazebo_studies/install/gazebo_pkg/share/ament_index/resource_index/package_run_dependencies/gazebo_pkg
[3.779s] -- Up-to-date: /home/william/Área de Trabalho/gazebo_studies/install/gazebo_pkg/share/ament_index/resource_index/parent_prefix_path/gazebo_pkg
[3.779s] -- Up-to-date: /home/william/Área de Trabalho/gazebo_studies/install/gazebo_pkg/share/gazebo_pkg/environment/ament_prefix_path.sh
[3.779s] -- Installing: /home/william/Área de Trabalho/gazebo_studies/install/gazebo_pkg/share/gazebo_pkg/environment/ament_prefix_path.dsv
[3.779s] -- Up-to-date: /home/william/Área de Trabalho/gazebo_studies/install/gazebo_pkg/share/gazebo_pkg/environment/path.sh
[3.779s] -- Installing: /home/william/Área de Trabalho/gazebo_studies/install/gazebo_pkg/share/gazebo_pkg/environment/path.dsv
[3.779s] -- Up-to-date: /home/william/Área de Trabalho/gazebo_studies/install/gazebo_pkg/share/gazebo_pkg/local_setup.bash
[3.779s] -- Up-to-date: /home/william/Área de Trabalho/gazebo_studies/install/gazebo_pkg/share/gazebo_pkg/local_setup.sh
[3.779s] -- Up-to-date: /home/william/Área de Trabalho/gazebo_studies/install/gazebo_pkg/share/gazebo_pkg/local_setup.zsh
[3.779s] -- Installing: /home/william/Área de Trabalho/gazebo_studies/install/gazebo_pkg/share/gazebo_pkg/local_setup.dsv
[3.779s] -- Installing: /home/william/Área de Trabalho/gazebo_studies/install/gazebo_pkg/share/gazebo_pkg/package.dsv
[3.779s] -- Up-to-date: /home/william/Área de Trabalho/gazebo_studies/install/gazebo_pkg/share/ament_index/resource_index/packages/gazebo_pkg
[3.779s] -- Up-to-date: /home/william/Área de Trabalho/gazebo_studies/install/gazebo_pkg/share/gazebo_pkg/cmake/gazebo_pkgConfig.cmake
[3.779s] -- Up-to-date: /home/william/Área de Trabalho/gazebo_studies/install/gazebo_pkg/share/gazebo_pkg/cmake/gazebo_pkgConfig-version.cmake
[3.779s] -- Installing: /home/william/Área de Trabalho/gazebo_studies/install/gazebo_pkg/share/gazebo_pkg/package.xml
[3.780s] Invoked command in '/home/william/Área de Trabalho/gazebo_studies/build/gazebo_pkg' returned '0': CMAKE_PREFIX_PATH=/opt/ros/foxy /usr/local/bin/cmake --install /home/william/Área de Trabalho/gazebo_studies/build/gazebo_pkg
